2025-07-19 12:26:23 - INFO - [BACKUP AGENT]: Beginning database backup operation...
2025-07-19 12:26:23 - INFO -  -> Creating backup: hunters_almanac_backup_2025-07-19_12-26-23.sql
2025-07-19 12:26:23 - INFO - [BACKUP SUCCESS]: Database backup created successfully.
2025-07-19 12:26:23 - INFO -  -> Pruning old backups...
2025-07-19 12:26:23 - INFO -  -> No old backups to prune.
2025-07-19 12:26:23 - INFO - [BACKUP AGENT]: Operation complete.
2025-07-19 12:33:24 - INFO - [BACKUP AGENT]: Beginning database backup operation...
2025-07-19 12:33:24 - INFO -  -> Creating backup: hunters_almanac_backup_2025-07-19_12-33-24.sql
2025-07-19 12:33:24 - INFO - [BACKUP SUCCESS]: Database backup created successfully.
2025-07-19 12:33:24 - INFO -  -> Pruning old backups...
2025-07-19 12:33:24 - INFO -  -> No old backups to prune.
2025-07-19 12:33:24 - INFO - [BACKUP AGENT]: Operation complete.
2025-07-20 03:19:19 - INFO - [BACKUP AGENT]: Beginning database backup operation...
2025-07-20 03:19:19 - INFO -  -> Creating backup: hunters_almanac_backup_2025-07-20_03-19-19.sql
2025-07-20 08:21:33 - INFO - [BACKUP SUCCESS]: Database backup created successfully.
2025-07-20 08:21:33 - INFO -  -> Pruning old backups...
2025-07-20 08:21:33 - INFO -  -> No old backups to prune.
2025-07-20 08:21:33 - INFO - [BACKUP AGENT]: Operation complete.
2025-07-21 10:43:51 - INFO - [BACKUP AGENT]: Beginning database backup operation...
2025-07-21 10:43:51 - INFO -  -> Creating backup: hunters_almanac_backup_2025-07-21_10-43-51.sql
2025-07-21 10:43:52 - INFO - [BACKUP SUCCESS]: Database backup created successfully.
2025-07-21 10:43:52 - INFO -  -> Pruning old backups...
2025-07-21 10:43:52 - INFO -  -> No old backups to prune.
2025-07-21 10:43:52 - INFO - [BACKUP AGENT]: Operation complete.
